<?xml version="1.0" encoding="UTF-8"?>
<testsuite xmlns:xsi="http://www.w3.org/2001/XMLSchema-instance" xsi:noNamespaceSchemaLocation="https://maven.apache.org/surefire/maven-surefire-plugin/xsd/surefire-test-report.xsd" name="dc527x.guessnumber.dao.GuessNumberDBDaoImplTest" time="46.252" tests="4" errors="4" skipped="0" failures="0">
  <properties>
[...]
</properties>
  <testcase name="testGetAllGames" classname="dc527x.guessnumber.dao.GuessNumberDBDaoImplTest" time="8.89">
    <error message="Could not open JDBC Connection for transaction; nested exception is java.sql.SQLNonTransientConnectionException: Public Key Retrieval is not allowed" type="org.springframework.transaction.CannotCreateTransactionException">org.springframework.transaction.CannotCreateTransactionException: Could not open JDBC Connection for transaction; nested exception is java.sql.SQLNonTransientConnectionException: Public Key Retrieval is not allowed
	at dc527x.guessnumber.dao.GuessNumberDBDaoImplTest.setUp(GuessNumberDBDaoImplTest.java:47)
Caused by: java.sql.SQLNonTransientConnectionException: Public Key Retrieval is not allowed
	at dc527x.guessnumber.dao.GuessNumberDBDaoImplTest.setUp(GuessNumberDBDaoImplTest.java:47)
</error>
    <system-out><![CDATA[13:27:21.003 [main] DEBUG org.springframework.test.context.junit4.SpringJUnit4ClassRunner - SpringJUnit4ClassRunner constructor called with [class dc527x.guessnumber.dao.GuessNumberDBDaoImplTest]
13:27:21.130 [main] DEBUG org.springframework.test.context.BootstrapUtils - Instantiating CacheAwareContextLoaderDelegate from class [org.springframework.test.context.cache.DefaultCacheAwareContextLoaderDelegate]
13:27:21.478 [main] DEBUG org.springframework.test.context.BootstrapUtils - Instantiating BootstrapContext using constructor [public org.springframework.test.context.support.DefaultBootstrapContext(java.lang.Class,org.springframework.test.context.CacheAwareContextLoaderDelegate)]
13:27:21.843 [main] DEBUG org.springframework.test.context.BootstrapUtils - Instantiating TestContextBootstrapper for test class [dc527x.guessnumber.dao.GuessNumberDBDaoImplTest] from class [org.springframework.boot.test.context.SpringBootTestContextBootstrapper]
13:27:22.079 [main] INFO org.springframework.boot.test.context.SpringBootTestContextBootstrapper - Neither @ContextConfiguration nor @ContextHierarchy found for test class [dc527x.guessnumber.dao.GuessNumberDBDaoImplTest], using SpringBootContextLoader
13:27:22.162 [main] DEBUG org.springframework.test.context.support.AbstractContextLoader - Did not detect default resource location for test class [dc527x.guessnumber.dao.GuessNumberDBDaoImplTest]: class path resource [dc527x/guessnumber/dao/GuessNumberDBDaoImplTest-context.xml] does not exist
13:27:22.162 [main] DEBUG org.springframework.test.context.support.AbstractContextLoader - Did not detect default resource location for test class [dc527x.guessnumber.dao.GuessNumberDBDaoImplTest]: class path resource [dc527x/guessnumber/dao/GuessNumberDBDaoImplTestContext.groovy] does not exist
13:27:22.163 [main] INFO org.springframework.test.context.support.AbstractContextLoader - Could not detect default resource locations for test class [dc527x.guessnumber.dao.GuessNumberDBDaoImplTest]: no resource found for suffixes {-context.xml, Context.groovy}.
13:27:23.183 [main] DEBUG org.springframework.test.context.support.ActiveProfilesUtils - Could not find an 'annotation declaring class' for annotation type [org.springframework.test.context.ActiveProfiles] and class [dc527x.guessnumber.dao.GuessNumberDBDaoImplTest]
13:27:24.613 [main] DEBUG org.springframework.boot.test.context.SpringBootTestContextBootstrapper - @TestExecutionListeners is not present for class [dc527x.guessnumber.dao.GuessNumberDBDaoImplTest]: using defaults.
13:27:24.633 [main] INFO org.springframework.boot.test.context.SpringBootTestContextBootstrapper - Loaded default TestExecutionListener class names from location [META-INF/spring.factories]: [org.springframework.boot.test.mock.mockito.MockitoTestExecutionListener, org.springframework.boot.test.mock.mockito.ResetMocksTestExecutionListener, org.springframework.boot.test.autoconfigure.restdocs.RestDocsTestExecutionListener, org.springframework.boot.test.autoconfigure.web.client.MockRestServiceServerResetTestExecutionListener, org.springframework.boot.test.autoconfigure.web.servlet.MockMvcPrintOnlyOnFailureTestExecutionListener, org.springframework.boot.test.autoconfigure.web.servlet.WebDriverTestExecutionListener, org.springframework.test.context.web.ServletTestExecutionListener, org.springframework.test.context.support.DirtiesContextBeforeModesTestExecutionListener, org.springframework.test.context.support.DependencyInjectionTestExecutionListener, org.springframework.test.context.support.DirtiesContextTestExecutionListener, org.springframework.test.context.transaction.TransactionalTestExecutionListener, org.springframework.test.context.jdbc.SqlScriptsTestExecutionListener]
13:27:24.748 [main] INFO org.springframework.boot.test.context.SpringBootTestContextBootstrapper - Using TestExecutionListeners: [org.springframework.test.context.web.ServletTestExecutionListener@f627d13, org.springframework.test.context.support.DirtiesContextBeforeModesTestExecutionListener@4e928fbf, org.springframework.boot.test.mock.mockito.MockitoTestExecutionListener@352ff4da, org.springframework.boot.test.autoconfigure.SpringBootDependencyInjectionTestExecutionListener@3224a577, org.springframework.test.context.support.DirtiesContextTestExecutionListener@2e32ccc5, org.springframework.test.context.transaction.TransactionalTestExecutionListener@748741cb, org.springframework.test.context.jdbc.SqlScriptsTestExecutionListener@3e44f2a5, org.springframework.boot.test.mock.mockito.ResetMocksTestExecutionListener@295cf707, org.springframework.boot.test.autoconfigure.restdocs.RestDocsTestExecutionListener@1130520d, org.springframework.boot.test.autoconfigure.web.client.MockRestServiceServerResetTestExecutionListener@5f77d0f9, org.springframework.boot.test.autoconfigure.web.servlet.MockMvcPrintOnlyOnFailureTestExecutionListener@463fd068, org.springframework.boot.test.autoconfigure.web.servlet.WebDriverTestExecutionListener@895e367]
13:27:24.751 [main] DEBUG org.springframework.test.annotation.ProfileValueUtils - Retrieved @ProfileValueSourceConfiguration [null] for test class [dc527x.guessnumber.dao.GuessNumberDBDaoImplTest]
13:27:24.751 [main] DEBUG org.springframework.test.annotation.ProfileValueUtils - Retrieved ProfileValueSource type [class org.springframework.test.annotation.SystemProfileValueSource] for class [dc527x.guessnumber.dao.GuessNumberDBDaoImplTest]
13:27:24.764 [main] DEBUG org.springframework.test.annotation.ProfileValueUtils - Retrieved @ProfileValueSourceConfiguration [null] for test class [dc527x.guessnumber.dao.GuessNumberDBDaoImplTest]
13:27:24.764 [main] DEBUG org.springframework.test.annotation.ProfileValueUtils - Retrieved ProfileValueSource type [class org.springframework.test.annotation.SystemProfileValueSource] for class [dc527x.guessnumber.dao.GuessNumberDBDaoImplTest]
13:27:24.800 [main] DEBUG org.springframework.test.annotation.ProfileValueUtils - Retrieved @ProfileValueSourceConfiguration [null] for test class [dc527x.guessnumber.dao.GuessNumberDBDaoImplTest]
13:27:24.800 [main] DEBUG org.springframework.test.annotation.ProfileValueUtils - Retrieved ProfileValueSource type [class org.springframework.test.annotation.SystemProfileValueSource] for class [dc527x.guessnumber.dao.GuessNumberDBDaoImplTest]
13:27:24.810 [main] DEBUG org.springframework.test.context.support.AbstractDirtiesContextTestExecutionListener - Before test class: context [DefaultTestContext@1f81aa00 testClass = GuessNumberDBDaoImplTest, testInstance = [null], testMethod = [null], testException = [null], mergedContextConfiguration = [WebMergedContextConfiguration@6b6776cb testClass = GuessNumberDBDaoImplTest, locations = '{}', classes = '{class dc527x.guessnumber.TestApplicationConfiguration, class dc527x.guessnumber.TestApplicationConfiguration}', contextInitializerClasses = '[]', activeProfiles = '{}', propertySourceLocations = '{}', propertySourceProperties = '{org.springframework.boot.test.context.SpringBootTestContextBootstrapper=true}', contextCustomizers = set[org.springframework.boot.test.context.filter.ExcludeFilterContextCustomizer@41e1e210, org.springframework.boot.test.json.DuplicateJsonObjectContextCustomizerFactory$DuplicateJsonObjectContextCustomizer@44821a96, org.springframework.boot.test.mock.mockito.MockitoContextCustomizer@0, org.springframework.boot.test.web.client.TestRestTemplateContextCustomizer@49912c99, org.springframework.boot.test.autoconfigure.properties.PropertyMappingContextCustomizer@0, org.springframework.boot.test.autoconfigure.web.servlet.WebDriverContextCustomizerFactory$Customizer@4d02f94e], resourceBasePath = 'src/main/webapp', contextLoader = 'org.springframework.boot.test.context.SpringBootContextLoader', parent = [null]], attributes = map['org.springframework.test.context.web.ServletTestExecutionListener.activateListener' -> true]], class annotated with @DirtiesContext [false] with mode [null].
13:27:24.878 [main] DEBUG org.springframework.test.annotation.ProfileValueUtils - Retrieved @ProfileValueSourceConfiguration [null] for test class [dc527x.guessnumber.dao.GuessNumberDBDaoImplTest]
13:27:24.878 [main] DEBUG org.springframework.test.annotation.ProfileValueUtils - Retrieved ProfileValueSource type [class org.springframework.test.annotation.SystemProfileValueSource] for class [dc527x.guessnumber.dao.GuessNumberDBDaoImplTest]
13:27:25.182 [main] DEBUG org.springframework.test.context.support.TestPropertySourceUtils - Adding inlined properties to environment: {spring.jmx.enabled=false, org.springframework.boot.test.context.SpringBootTestContextBootstrapper=true, server.port=-1}

  .   ____          _            __ _ _
 /\\ / ___'_ __ _ _(_)_ __  __ _ \ \ \ \
( ( )\___ | '_ | '_| | '_ \/ _` | \ \ \ \
 \\/  ___)| |_)| | | | | || (_| |  ) ) ) )
  '  |____| .__|_| |_|_| |_\__, | / / / /
 =========|_|==============|___/=/_/_/_/
 :: Spring Boot ::        (v2.1.0.RELEASE)

]]></system-out>
  </testcase>
  <testcase name="testNewGameGetGame" classname="dc527x.guessnumber.dao.GuessNumberDBDaoImplTest" time="0.947">
    <error message="Could not open JDBC Connection for transaction; nested exception is java.sql.SQLNonTransientConnectionException: Public Key Retrieval is not allowed" type="org.springframework.transaction.CannotCreateTransactionException">org.springframework.transaction.CannotCreateTransactionException: Could not open JDBC Connection for transaction; nested exception is java.sql.SQLNonTransientConnectionException: Public Key Retrieval is not allowed
	at dc527x.guessnumber.dao.GuessNumberDBDaoImplTest.setUp(GuessNumberDBDaoImplTest.java:47)
Caused by: java.sql.SQLNonTransientConnectionException: Public Key Retrieval is not allowed
	at dc527x.guessnumber.dao.GuessNumberDBDaoImplTest.setUp(GuessNumberDBDaoImplTest.java:47)
</error>
  </testcase>
  <testcase name="testDeleteData" classname="dc527x.guessnumber.dao.GuessNumberDBDaoImplTest" time="1.055">
    <error message="Could not open JDBC Connection for transaction; nested exception is java.sql.SQLNonTransientConnectionException: Public Key Retrieval is not allowed" type="org.springframework.transaction.CannotCreateTransactionException">org.springframework.transaction.CannotCreateTransactionException: Could not open JDBC Connection for transaction; nested exception is java.sql.SQLNonTransientConnectionException: Public Key Retrieval is not allowed
	at dc527x.guessnumber.dao.GuessNumberDBDaoImplTest.setUp(GuessNumberDBDaoImplTest.java:47)
Caused by: java.sql.SQLNonTransientConnectionException: Public Key Retrieval is not allowed
	at dc527x.guessnumber.dao.GuessNumberDBDaoImplTest.setUp(GuessNumberDBDaoImplTest.java:47)
</error>
  </testcase>
  <testcase name="testAddGetRounds" classname="dc527x.guessnumber.dao.GuessNumberDBDaoImplTest" time="1.008">
    <error message="Could not open JDBC Connection for transaction; nested exception is java.sql.SQLNonTransientConnectionException: Public Key Retrieval is not allowed" type="org.springframework.transaction.CannotCreateTransactionException">org.springframework.transaction.CannotCreateTransactionException: Could not open JDBC Connection for transaction; nested exception is java.sql.SQLNonTransientConnectionException: Public Key Retrieval is not allowed
	at dc527x.guessnumber.dao.GuessNumberDBDaoImplTest.setUp(GuessNumberDBDaoImplTest.java:47)
Caused by: java.sql.SQLNonTransientConnectionException: Public Key Retrieval is not allowed
	at dc527x.guessnumber.dao.GuessNumberDBDaoImplTest.setUp(GuessNumberDBDaoImplTest.java:47)
</error>
  </testcase>
</testsuite>